Log file open, 04/20/22 14:18:05
LogWindows: Failed to load 'aqProf.dll' (GetLastError=126)
LogWindows: File 'aqProf.dll' does not exist
LogWindows: Failed to load 'VtuneApi.dll' (GetLastError=126)
LogWindows: File 'VtuneApi.dll' does not exist
LogWindows: Failed to load 'VtuneApi32e.dll' (GetLastError=126)
LogWindows: File 'VtuneApi32e.dll' does not exist
LogConsoleResponse: Display: Failed to find resolution value strings in scalability ini. Falling back to default.
LogConsoleResponse: Display: Failed to find resolution value strings in scalability ini. Falling back to default.
LogInit: Display: Running engine for game: TPEPrototype
LogPlatformFile: Not using cached read wrapper
LogTaskGraph: Started task graph with 5 named threads and 23 total threads with 3 sets of task threads.
LogStats: Stats thread started at 0.302573
LogICUInternationalization: ICU TimeZone Detection - Raw Offset: +5:00, Platform Override: ''
LogInit: Display: Loading text-based GConfig....
LogPluginManager: Mounting plugin MeshPainting
LogPluginManager: Mounting plugin XGEController
LogPluginManager: Mounting plugin Paper2D
LogPluginManager: Mounting plugin AISupport
LogPluginManager: Mounting plugin EnvironmentQueryEditor
LogPluginManager: Mounting plugin LiveLink
LogPluginManager: Mounting plugin LightPropagationVolume
LogPluginManager: Mounting plugin GameplayCameras
LogPluginManager: Mounting plugin CameraShakePreviewer
LogPluginManager: Mounting plugin AnimationSharing
LogPluginManager: Mounting plugin CLionSourceCodeAccess
LogPluginManager: Mounting plugin CodeLiteSourceCodeAccess
LogPluginManager: Mounting plugin KDevelopSourceCodeAccess
LogPluginManager: Mounting plugin GitSourceControl
LogPluginManager: Mounting plugin NullSourceCodeAccess
LogPluginManager: Mounting plugin PerforceSourceControl
LogPluginManager: Mounting plugin PixWinPlugin
LogPluginManager: Mounting plugin PlasticSourceControl
LogPluginManager: Mounting plugin PluginUtils
LogPluginManager: Mounting plugin PropertyAccessNode
LogPluginManager: Mounting plugin SubversionSourceControl
LogPluginManager: Mounting plugin RiderSourceCodeAccess
LogPluginManager: Mounting plugin TextureFormatOodle
LogPluginManager: Mounting plugin UObjectPlugin
LogPluginManager: Mounting plugin OodleData
LogPluginManager: Mounting plugin VisualStudioSourceCodeAccess
LogPluginManager: Mounting plugin VisualStudioCodeSourceCodeAccess
LogPluginManager: Mounting plugin OodleNetwork
LogPluginManager: Mounting plugin XCodeSourceCodeAccess
LogPluginManager: Mounting plugin Niagara
LogPluginManager: Mounting plugin AlembicImporter
LogPluginManager: Mounting plugin AutomationUtils
LogPluginManager: Mounting plugin BackChannel
LogPluginManager: Mounting plugin ChaosEditor
LogPluginManager: Mounting plugin ChaosClothEditor
LogPluginManager: Mounting plugin ChaosCloth
LogPluginManager: Mounting plugin ChaosSolverPlugin
LogPluginManager: Mounting plugin ChaosNiagara
LogPluginManager: Mounting plugin CharacterAI
LogPluginManager: Mounting plugin GeometryCache
LogPluginManager: Mounting plugin GeometryCollectionPlugin
LogPluginManager: Mounting plugin AndroidMedia
LogPluginManager: Mounting plugin AvfMedia
LogPluginManager: Mounting plugin MediaCompositing
LogPluginManager: Mounting plugin ImgMedia
LogPluginManager: Mounting plugin MediaPlayerEditor
LogPluginManager: Mounting plugin WmfMedia
LogPluginManager: Mounting plugin WebMMedia
LogPluginManager: Mounting plugin MagicLeap
LogPluginManager: Mounting plugin LuminPlatformFeatures
LogPluginManager: Mounting plugin GeometryProcessing
LogPluginManager: Mounting plugin OpenImageDenoise
LogPluginManager: Mounting plugin MotoSynth
LogPluginManager: Mounting plugin PlatformCrypto
LogPluginManager: Mounting plugin PlanarCut
LogPluginManager: Mounting plugin ProxyLODPlugin
LogPluginManager: Mounting plugin PythonScriptPlugin
LogPluginManager: Mounting plugin MagicLeapLightEstimation
LogPluginManager: Mounting plugin MagicLeapMedia
LogPluginManager: Mounting plugin SkeletalReduction
LogPluginManager: Mounting plugin MagicLeapPassableWorld
LogPluginManager: Mounting plugin MLSDK
LogPluginManager: Mounting plugin TcpMessaging
LogPluginManager: Mounting plugin ActorSequence
LogPluginManager: Mounting plugin UdpMessaging
LogPluginManager: Mounting plugin LevelSequenceEditor
LogPluginManager: Mounting plugin MatineeToLevelSequence
LogPluginManager: Mounting plugin TemplateSequence
LogPluginManager: Mounting plugin OnlineSubsystem
LogPluginManager: Mounting plugin OnlineSubsystemNull
LogPluginManager: Mounting plugin OnlineSubsystemUtils
LogPluginManager: Mounting plugin LauncherChunkInstaller
LogPluginManager: Mounting plugin ActorLayerUtilities
LogPluginManager: Mounting plugin AndroidMoviePlayer
LogPluginManager: Mounting plugin AndroidDeviceProfileSelector
LogPluginManager: Mounting plugin AndroidPermission
LogPluginManager: Mounting plugin AppleImageUtils
LogPluginManager: Mounting plugin AppleMoviePlayer
LogPluginManager: Mounting plugin AudioSynesthesia
LogPluginManager: Mounting plugin AssetTags
LogPluginManager: Mounting plugin AudioCapture
LogPluginManager: Mounting plugin ArchVisCharacter
LogPluginManager: Mounting plugin ChunkDownloader
LogPluginManager: Mounting plugin CableComponent
LogPluginManager: Mounting plugin CustomMeshComponent
LogPluginManager: Mounting plugin EditableMesh
LogPluginManager: Mounting plugin ExampleDeviceProfileSelector
LogPluginManager: Mounting plugin GoogleCloudMessaging
LogPluginManager: Mounting plugin GooglePAD
LogPluginManager: Mounting plugin IOSDeviceProfileSelector
LogPluginManager: Mounting plugin LinuxDeviceProfileSelector
LogPluginManager: Mounting plugin LocationServicesBPLibrary
LogPluginManager: Mounting plugin MobilePatchingUtils
LogPluginManager: Mounting plugin OpenXR
LogPluginManager: Mounting plugin OpenXRHandTracking
LogPluginManager: Mounting plugin OpenXREyeTracker
LogPluginManager: Mounting plugin PhysXVehicles
LogPluginManager: Mounting plugin PropertyAccessEditor
LogPluginManager: Mounting plugin PostSplashScreen
LogPluginManager: Mounting plugin ProceduralMeshComponent
LogPluginManager: Mounting plugin RuntimePhysXCooking
LogPluginManager: Mounting plugin SignificanceManager
LogPluginManager: Mounting plugin SoundFields
LogPluginManager: Mounting plugin Synthesis
LogPluginManager: Mounting plugin WebMMoviePlayer
LogPluginManager: Mounting plugin WindowsMoviePlayer
LogPluginManager: Mounting plugin Takes
LogPluginManager: Mounting plugin ScreenshotTools
LogPluginManager: Mounting plugin AssetManagerEditor
LogPluginManager: Mounting plugin CurveEditorTools
LogPluginManager: Mounting plugin CryptoKeys
LogPluginManager: Mounting plugin DataValidation
LogPluginManager: Mounting plugin GameplayTagsEditor
LogPluginManager: Mounting plugin FacialAnimation
LogPluginManager: Mounting plugin GeometryMode
LogPluginManager: Mounting plugin DatasmithContent
LogPluginManager: Mounting plugin MacGraphicsSwitching
LogPluginManager: Mounting plugin MaterialAnalyzer
LogPluginManager: Mounting plugin MobileLauncherProfileWizard
LogPluginManager: Mounting plugin PluginBrowser
LogPluginManager: Mounting plugin SpeedTreeImporter
LogPluginManager: Mounting plugin VariantManagerContent
LogPluginManager: Mounting plugin OnlineSubsystemGooglePlay
LogPluginManager: Mounting plugin OnlineSubsystemIOS
LogPluginManager: Mounting plugin OculusVR
LogPluginManager: Mounting plugin SteamVR
LogPluginManager: Mounting plugin ContentBrowserClassDataSource
LogPluginManager: Mounting plugin ContentBrowserAssetDataSource
LogPluginManager: Mounting plugin ContentBrowserFileDataSource
PixWinPlugin: PIX capture plugin failed to initialize! Check that the process is launched from PIX.
LogInit: Using libcurl 7.55.1-DEV
LogInit:  - built for x86_64-pc-win32
LogInit:  - supports SSL with OpenSSL/1.1.1
LogInit:  - supports HTTP deflate (compression) using libz 1.2.8
LogInit:  - other features:
LogInit:      CURL_VERSION_SSL
LogInit:      CURL_VERSION_LIBZ
LogInit:      CURL_VERSION_IPV6
LogInit:      CURL_VERSION_ASYNCHDNS
LogInit:      CURL_VERSION_LARGEFILE
LogInit:      CURL_VERSION_IDN
LogInit:  CurlRequestOptions (configurable via config and command line):
LogInit:  - bVerifyPeer = true  - Libcurl will verify peer certificate
LogInit:  - bUseHttpProxy = false  - Libcurl will NOT use HTTP proxy
LogInit:  - bDontReuseConnections = false  - Libcurl will reuse connections
LogInit:  - MaxHostConnections = 16  - Libcurl will limit the number of connections to a host
LogInit:  - LocalHostAddr = Default
LogInit:  - BufferSize = 65536
LogOnline: OSS: Creating online subsystem instance for: NULL
LogInit: WinSock: version 1.1 (2.2), MaxSocks=32767, MaxUdp=65467
LogOnline: OSS: TryLoadSubsystemAndSetDefault: Loaded subsystem for module [NULL]
LogOculusPluginWrapper: OculusPlugin initialized successfully
LogHMD: Failed initializing OVRPlugin 1.59.0
LogInit: Build: ++UE4+Release-4.27-CL-18319896
LogInit: Engine Version: 4.27.2-18319896+++UE4+Release-4.27
LogInit: Compatible Engine Version: 4.27.0-17155196+++UE4+Release-4.27
LogInit: Net CL: 17155196
LogInit: OS: Windows 10 (Release 2009) (), CPU: Intel(R) Xeon(R) CPU E3-1245 v3 @ 3.40GHz, GPU: NVIDIA GeForce GTX 1050 Ti
LogInit: Compiled (64-bit): Nov 30 2021 07:12:08
LogInit: Compiled with Visual C++: 19.24.28315.00
LogInit: Build Configuration: Development
LogInit: Branch Name: ++UE4+Release-4.27
LogInit: Command Line: 
LogInit: Base Directory: F:/Office/Expedite Design/UE_4.27/Engine/Binaries/Win64/
LogInit: Allocator: TBB
LogInit: Installed Engine Build: 1
LogDevObjectVersion: Number of dev versions registered: 29
LogDevObjectVersion:   Dev-Blueprints (B0D832E4-1F89-4F0D-ACCF-7EB736FD4AA2): 10
LogDevObjectVersion:   Dev-Build (E1C64328-A22C-4D53-A36C-8E866417BD8C): 0
LogDevObjectVersion:   Dev-Core (375EC13C-06E4-48FB-B500-84F0262A717E): 4
LogDevObjectVersion:   Dev-Editor (E4B068ED-F494-42E9-A231-DA0B2E46BB41): 40
LogDevObjectVersion:   Dev-Framework (CFFC743F-43B0-4480-9391-14DF171D2073): 37
LogDevObjectVersion:   Dev-Mobile (B02B49B5-BB20-44E9-A304-32B752E40360): 3
LogDevObjectVersion:   Dev-Networking (A4E4105C-59A1-49B5-A7C5-40C4547EDFEE): 0
LogDevObjectVersion:   Dev-Online (39C831C9-5AE6-47DC-9A44-9C173E1C8E7C): 0
LogDevObjectVersion:   Dev-Physics (78F01B33-EBEA-4F98-B9B4-84EACCB95AA2): 14
LogDevObjectVersion:   Dev-Platform (6631380F-2D4D-43E0-8009-CF276956A95A): 0
LogDevObjectVersion:   Dev-Rendering (12F88B9F-8875-4AFC-A67C-D90C383ABD29): 45
LogDevObjectVersion:   Dev-Sequencer (7B5AE74C-D270-4C10-A958-57980B212A5A): 13
LogDevObjectVersion:   Dev-VR (D7296918-1DD6-4BDD-9DE2-64A83CC13884): 3
LogDevObjectVersion:   Dev-LoadTimes (C2A15278-BFE7-4AFE-6C17-90FF531DF755): 1
LogDevObjectVersion:   Private-Geometry (6EACA3D4-40EC-4CC1-B786-8BED09428FC5): 3
LogDevObjectVersion:   Dev-AnimPhys (29E575DD-E0A3-4627-9D10-D276232CDCEA): 17
LogDevObjectVersion:   Dev-Anim (AF43A65D-7FD3-4947-9873-3E8ED9C1BB05): 15
LogDevObjectVersion:   Dev-ReflectionCapture (6B266CEC-1EC7-4B8F-A30B-E4D90942FC07): 1
LogDevObjectVersion:   Dev-Automation (0DF73D61-A23F-47EA-B727-89E90C41499A): 1
LogDevObjectVersion:   FortniteMain (601D1886-AC64-4F84-AA16-D3DE0DEAC7D6): 47
LogDevObjectVersion:   FortniteRelease (E7086368-6B23-4C58-8439-1B7016265E91): 1
LogDevObjectVersion:   Dev-Enterprise (9DFFBCD6-494F-0158-E221-12823C92A888): 10
LogDevObjectVersion:   Dev-Niagara (F2AED0AC-9AFE-416F-8664-AA7FFA26D6FC): 1
LogDevObjectVersion:   Dev-Destruction (174F1F0B-B4C6-45A5-B13F-2EE8D0FB917D): 10
LogDevObjectVersion:   Dev-Physics-Ext (35F94A83-E258-406C-A318-09F59610247C): 41
LogDevObjectVersion:   Dev-PhysicsMaterial-Chaos (B68FC16E-8B1B-42E2-B453-215C058844FE): 1
LogDevObjectVersion:   Dev-CineCamera (B2E18506-4273-CFC2-A54E-F4BB758BBA07): 1
LogDevObjectVersion:   Dev-VirtualProduction (64F58936-FD1B-42BA-BA96-7289D5D0FA4E): 1
LogDevObjectVersion:   Dev-MediaFramework (6F0ED827-A609-4895-9C91-998D90180EA4): 2
LogInit: Presizing for max 25165824 objects, including 0 objects not considered by GC, pre-allocating 0 bytes for permanent pool.
LogConfig: Applying CVar settings from Section [/Script/Engine.StreamingSettings] File [F:/Office/Expedite Design/Projects/TPEProtoype/Saved/Config/Windows/Engine.ini]
LogConfig: Setting CVar [[s.MinBulkDataSizeForAsyncLoading:131072]]
LogConfig: Setting CVar [[s.AsyncLoadingThreadEnabled:0]]
LogConfig: Setting CVar [[s.EventDrivenLoaderEnabled:1]]
LogConfig: Setting CVar [[s.WarnIfTimeLimitExceeded:0]]
LogConfig: Setting CVar [[s.TimeLimitExceededMultiplier:1.5]]
LogConfig: Setting CVar [[s.TimeLimitExceededMinTime:0.005]]
LogConfig: Setting CVar [[s.UseBackgroundLevelStreaming:1]]
LogConfig: Setting CVar [[s.PriorityAsyncLoadingExtraTime:15.0]]
LogConfig: Setting CVar [[s.LevelStreamingActorsUpdateTimeLimit:5.0]]
LogConfig: Setting CVar [[s.PriorityLevelStreamingActorsUpdateExtraTime:5.0]]
LogConfig: Setting CVar [[s.LevelStreamingComponentsRegistrationGranularity:10]]
LogConfig: Setting CVar [[s.UnregisterComponentsTimeLimit:1.0]]
LogConfig: Setting CVar [[s.LevelStreamingComponentsUnregistrationGranularity:5]]
LogConfig: Setting CVar [[s.FlushStreamingOnExit:1]]
LogInit: Object subsystem initialized
LogConfig: Setting CVar [[con.DebugEarlyDefault:1]]
LogConfig: Setting CVar [[r.setres:1280x720]]
[2022.04.20-09.18.12:220][  0]LogConfig: Setting CVar [[r.VSync:0]]
[2022.04.20-09.18.12:220][  0]LogConfig: Setting CVar [[r.RHICmdBypass:0]]
[2022.04.20-09.18.12:253][  0]LogConfig: Applying CVar settings from Section [/Script/Engine.RendererSettings] File [F:/Office/Expedite Design/Projects/TPEProtoype/Saved/Config/Windows/Engine.ini]
[2022.04.20-09.18.12:253][  0]LogConfig: Setting CVar [[r.GPUCrashDebugging:0]]
[2022.04.20-09.18.12:253][  0]LogConfig: Applying CVar settings from Section [/Script/Engine.RendererOverrideSettings] File [F:/Office/Expedite Design/Projects/TPEProtoype/Saved/Config/Windows/Engine.ini]
[2022.04.20-09.18.12:253][  0]LogConfig: Applying CVar settings from Section [/Script/Engine.StreamingSettings] File [F:/Office/Expedite Design/Projects/TPEProtoype/Saved/Config/Windows/Engine.ini]
[2022.04.20-09.18.12:253][  0]LogConfig: Setting CVar [[s.MinBulkDataSizeForAsyncLoading:131072]]
[2022.04.20-09.18.12:253][  0]LogConfig: Setting CVar [[s.AsyncLoadingThreadEnabled:0]]
[2022.04.20-09.18.12:253][  0]LogConfig: Setting CVar [[s.EventDrivenLoaderEnabled:1]]
[2022.04.20-09.18.12:253][  0]LogConfig: Setting CVar [[s.WarnIfTimeLimitExceeded:0]]
[2022.04.20-09.18.12:253][  0]LogConfig: Setting CVar [[s.TimeLimitExceededMultiplier:1.5]]
[2022.04.20-09.18.12:253][  0]LogConfig: Setting CVar [[s.TimeLimitExceededMinTime:0.005]]
[2022.04.20-09.18.12:253][  0]LogConfig: Setting CVar [[s.UseBackgroundLevelStreaming:1]]
[2022.04.20-09.18.12:253][  0]LogConfig: Setting CVar [[s.PriorityAsyncLoadingExtraTime:15.0]]
[2022.04.20-09.18.12:253][  0]LogConfig: Setting CVar [[s.LevelStreamingActorsUpdateTimeLimit:5.0]]
[2022.04.20-09.18.12:253][  0]LogConfig: Setting CVar [[s.PriorityLevelStreamingActorsUpdateExtraTime:5.0]]
[2022.04.20-09.18.12:255][  0]LogConfig: Setting CVar [[s.LevelStreamingComponentsRegistrationGranularity:10]]
[2022.04.20-09.18.12:255][  0]LogConfig: Setting CVar [[s.UnregisterComponentsTimeLimit:1.0]]
[2022.04.20-09.18.12:255][  0]LogConfig: Setting CVar [[s.LevelStreamingComponentsUnregistrationGranularity:5]]
[2022.04.20-09.18.12:255][  0]LogConfig: Setting CVar [[s.FlushStreamingOnExit:1]]
[2022.04.20-09.18.12:255][  0]LogConfig: Applying CVar settings from Section [/Script/Engine.GarbageCollectionSettings] File [F:/Office/Expedite Design/Projects/TPEProtoype/Saved/Config/Windows/Engine.ini]
[2022.04.20-09.18.12:255][  0]LogConfig: Setting CVar [[gc.MaxObjectsNotConsideredByGC:1]]
[2022.04.20-09.18.12:255][  0]LogConfig: Setting CVar [[gc.SizeOfPermanentObjectPool:0]]
[2022.04.20-09.18.12:255][  0]LogConfig: Setting CVar [[gc.FlushStreamingOnGC:0]]
[2022.04.20-09.18.12:255][  0]LogConfig: Setting CVar [[gc.NumRetriesBeforeForcingGC:10]]
[2022.04.20-09.18.12:255][  0]LogConfig: Setting CVar [[gc.AllowParallelGC:1]]
[2022.04.20-09.18.12:255][  0]LogConfig: Setting CVar [[gc.TimeBetweenPurgingPendingKillObjects:61.1]]
[2022.04.20-09.18.12:255][  0]LogConfig: Setting CVar [[gc.MaxObjectsInEditor:25165824]]
[2022.04.20-09.18.12:255][  0]LogConfig: Setting CVar [[gc.IncrementalBeginDestroyEnabled:1]]
[2022.04.20-09.18.12:255][  0]LogConfig: Setting CVar [[gc.CreateGCClusters:1]]
[2022.04.20-09.18.12:255][  0]LogConfig: Setting CVar [[gc.MinGCClusterSize:5]]
[2022.04.20-09.18.12:255][  0]LogConfig: Setting CVar [[gc.ActorClusteringEnabled:0]]
[2022.04.20-09.18.12:255][  0]LogConfig: Setting CVar [[gc.BlueprintClusteringEnabled:0]]
[2022.04.20-09.18.12:255][  0]LogConfig: Setting CVar [[gc.UseDisregardForGCOnDedicatedServers:0]]
[2022.04.20-09.18.12:255][  0]LogConfig: Setting CVar [[gc.MultithreadedDestructionEnabled:1]]
[2022.04.20-09.18.12:255][  0]LogConfig: Applying CVar settings from Section [/Script/Engine.NetworkSettings] File [F:/Office/Expedite Design/Projects/TPEProtoype/Saved/Config/Windows/Engine.ini]
[2022.04.20-09.18.12:255][  0]LogConfig: Applying CVar settings from Section [/Script/UnrealEd.CookerSettings] File [F:/Office/Expedite Design/Projects/TPEProtoype/Saved/Config/Windows/Engine.ini]
[2022.04.20-09.18.12:343][  0]LogConfig: Applying CVar settings from Section [ViewDistanceQuality@3] File [F:/Office/Expedite Design/Projects/TPEProtoype/Saved/Config/Windows/Scalability.ini]
[2022.04.20-09.18.12:343][  0]LogConfig: Setting CVar [[r.SkeletalMeshLODBias:0]]
[2022.04.20-09.18.12:343][  0]LogConfig: Setting CVar [[r.ViewDistanceScale:1.0]]
[2022.04.20-09.18.12:343][  0]LogConfig: Applying CVar settings from Section [AntiAliasingQuality@3] File [F:/Office/Expedite Design/Projects/TPEProtoype/Saved/Config/Windows/Scalability.ini]
[2022.04.20-09.18.12:343][  0]LogConfig: Setting CVar [[r.PostProcessAAQuality:4]]
[2022.04.20-09.18.12:343][  0]LogConfig: Applying CVar settings from Section [ShadowQuality@3] File [F:/Office/Expedite Design/Projects/TPEProtoype/Saved/Config/Windows/Scalability.ini]
[2022.04.20-09.18.12:343][  0]LogConfig: Setting CVar [[r.LightFunctionQuality:1]]
[2022.04.20-09.18.12:343][  0]LogConfig: Setting CVar [[r.ShadowQuality:5]]
[2022.04.20-09.18.12:343][  0]LogConfig: Setting CVar [[r.Shadow.CSM.MaxCascades:10]]
[2022.04.20-09.18.12:343][  0]LogConfig: Setting CVar [[r.Shadow.MaxResolution:2048]]
[2022.04.20-09.18.12:343][  0]LogConfig: Setting CVar [[r.Shadow.MaxCSMResolution:2048]]
[2022.04.20-09.18.12:343][  0]LogConfig: Setting CVar [[r.Shadow.RadiusThreshold:0.01]]
[2022.04.20-09.18.12:343][  0]LogConfig: Setting CVar [[r.Shadow.DistanceScale:1.0]]
[2022.04.20-09.18.12:343][  0]LogConfig: Setting CVar [[r.Shadow.CSM.TransitionScale:1.0]]
[2022.04.20-09.18.12:343][  0]LogConfig: Setting CVar [[r.Shadow.PreShadowResolutionFactor:1.0]]
[2022.04.20-09.18.12:343][  0]LogConfig: Setting CVar [[r.DistanceFieldShadowing:1]]
[2022.04.20-09.18.12:343][  0]LogConfig: Setting CVar [[r.DistanceFieldAO:1]]
[2022.04.20-09.18.12:343][  0]LogConfig: Setting CVar [[r.AOQuality:2]]
[2022.04.20-09.18.12:343][  0]LogConfig: Setting CVar [[r.VolumetricFog:1]]
[2022.04.20-09.18.12:343][  0]LogConfig: Setting CVar [[r.VolumetricFog.GridPixelSize:8]]
[2022.04.20-09.18.12:344][  0]LogConfig: Setting CVar [[r.VolumetricFog.GridSizeZ:128]]
[2022.04.20-09.18.12:344][  0]LogConfig: Setting CVar [[r.VolumetricFog.HistoryMissSupersampleCount:4]]
[2022.04.20-09.18.12:344][  0]LogConfig: Setting CVar [[r.LightMaxDrawDistanceScale:1]]
[2022.04.20-09.18.12:344][  0]LogConfig: Setting CVar [[r.CapsuleShadows:1]]
[2022.04.20-09.18.12:344][  0]LogConfig: Applying CVar settings from Section [PostProcessQuality@3] File [F:/Office/Expedite Design/Projects/TPEProtoype/Saved/Config/Windows/Scalability.ini]
[2022.04.20-09.18.12:344][  0]LogConfig: Setting CVar [[r.MotionBlurQuality:4]]
[2022.04.20-09.18.12:344][  0]LogConfig: Setting CVar [[r.AmbientOcclusionMipLevelFactor:0.4]]
[2022.04.20-09.18.12:344][  0]LogConfig: Setting CVar [[r.AmbientOcclusionMaxQuality:100]]
[2022.04.20-09.18.12:344][  0]LogConfig: Setting CVar [[r.AmbientOcclusionLevels:-1]]
[2022.04.20-09.18.12:344][  0]LogConfig: Setting CVar [[r.AmbientOcclusionRadiusScale:1.0]]
[2022.04.20-09.18.12:344][  0]LogConfig: Setting CVar [[r.DepthOfFieldQuality:2]]
[2022.04.20-09.18.12:344][  0]LogConfig: Setting CVar [[r.RenderTargetPoolMin:400]]
[2022.04.20-09.18.12:344][  0]LogConfig: Setting CVar [[r.LensFlareQuality:2]]
[2022.04.20-09.18.12:344][  0]LogConfig: Setting CVar [[r.SceneColorFringeQuality:1]]
[2022.04.20-09.18.12:344][  0]LogConfig: Setting CVar [[r.EyeAdaptationQuality:2]]
[2022.04.20-09.18.12:344][  0]LogConfig: Setting CVar [[r.BloomQuality:5]]
[2022.04.20-09.18.12:344][  0]LogConfig: Setting CVar [[r.FastBlurThreshold:100]]
[2022.04.20-09.18.12:344][  0]LogConfig: Setting CVar [[r.Upscale.Quality:3]]
[2022.04.20-09.18.12:344][  0]LogConfig: Setting CVar [[r.Tonemapper.GrainQuantization:1]]
[2022.04.20-09.18.12:344][  0]LogConfig: Setting CVar [[r.LightShaftQuality:1]]
[2022.04.20-09.18.12:344][  0]LogConfig: Setting CVar [[r.Filter.SizeScale:1]]
[2022.04.20-09.18.12:344][  0]LogConfig: Setting CVar [[r.Tonemapper.Quality:5]]
[2022.04.20-09.18.12:344][  0]LogConfig: Setting CVar [[r.DOF.Gather.AccumulatorQuality:1        ; higher gathering accumulator quality]]
[2022.04.20-09.18.12:344][  0]LogConfig: Setting CVar [[r.DOF.Gather.PostfilterMethod:1          ; Median3x3 postfilering method]]
[2022.04.20-09.18.12:344][  0]LogConfig: Setting CVar [[r.DOF.Gather.EnableBokehSettings:0       ; no bokeh simulation when gathering]]
[2022.04.20-09.18.12:344][  0]LogConfig: Setting CVar [[r.DOF.Gather.RingCount:4                 ; medium number of samples when gathering]]
[2022.04.20-09.18.12:344][  0]LogConfig: Setting CVar [[r.DOF.Scatter.ForegroundCompositing:1    ; additive foreground scattering]]
[2022.04.20-09.18.12:344][  0]LogConfig: Setting CVar [[r.DOF.Scatter.BackgroundCompositing:2    ; additive background scattering]]
[2022.04.20-09.18.12:344][  0]LogConfig: Setting CVar [[r.DOF.Scatter.EnableBokehSettings:1      ; bokeh simulation when scattering]]
[2022.04.20-09.18.12:344][  0]LogConfig: Setting CVar [[r.DOF.Scatter.MaxSpriteRatio:0.1         ; only a maximum of 10% of scattered bokeh]]
[2022.04.20-09.18.12:344][  0]LogConfig: Setting CVar [[r.DOF.Recombine.Quality:1                ; cheap slight out of focus]]
[2022.04.20-09.18.12:344][  0]LogConfig: Setting CVar [[r.DOF.Recombine.EnableBokehSettings:0    ; no bokeh simulation on slight out of focus]]
[2022.04.20-09.18.12:345][  0]LogConfig: Setting CVar [[r.DOF.TemporalAAQuality:1                ; more stable temporal accumulation]]
[2022.04.20-09.18.12:345][  0]LogConfig: Setting CVar [[r.DOF.Kernel.MaxForegroundRadius:0.025]]
[2022.04.20-09.18.12:345][  0]LogConfig: Setting CVar [[r.DOF.Kernel.MaxBackgroundRadius:0.025]]
[2022.04.20-09.18.12:345][  0]LogConfig: Applying CVar settings from Section [TextureQuality@3] File [F:/Office/Expedite Design/Projects/TPEProtoype/Saved/Config/Windows/Scalability.ini]
[2022.04.20-09.18.12:345][  0]LogConfig: Setting CVar [[r.Streaming.MipBias:0]]
[2022.04.20-09.18.12:345][  0]LogConfig: Setting CVar [[r.Streaming.AmortizeCPUToGPUCopy:0]]
[2022.04.20-09.18.12:345][  0]LogConfig: Setting CVar [[r.Streaming.MaxNumTexturesToStreamPerFrame:0]]
[2022.04.20-09.18.12:345][  0]LogConfig: Setting CVar [[r.Streaming.Boost:1]]
[2022.04.20-09.18.12:345][  0]LogConfig: Setting CVar [[r.MaxAnisotropy:8]]
[2022.04.20-09.18.12:345][  0]LogConfig: Setting CVar [[r.VT.MaxAnisotropy:8]]
[2022.04.20-09.18.12:345][  0]LogConfig: Setting CVar [[r.Streaming.LimitPoolSizeToVRAM:0]]
[2022.04.20-09.18.12:345][  0]LogConfig: Setting CVar [[r.Streaming.PoolSize:1000]]
[2022.04.20-09.18.12:345][  0]LogConfig: Setting CVar [[r.Streaming.MaxEffectiveScreenSize:0]]
[2022.04.20-09.18.12:345][  0]LogConfig: Applying CVar settings from Section [EffectsQuality@3] File [F:/Office/Expedite Design/Projects/TPEProtoype/Saved/Config/Windows/Scalability.ini]
[2022.04.20-09.18.12:345][  0]LogConfig: Setting CVar [[r.TranslucencyLightingVolumeDim:64]]
[2022.04.20-09.18.12:345][  0]LogConfig: Setting CVar [[r.RefractionQuality:2]]
[2022.04.20-09.18.12:345][  0]LogConfig: Setting CVar [[r.SSR.Quality:3]]
[2022.04.20-09.18.12:345][  0]LogConfig: Setting CVar [[r.SSR.HalfResSceneColor:0]]
[2022.04.20-09.18.12:345][  0]LogConfig: Setting CVar [[r.SceneColorFormat:4]]
[2022.04.20-09.18.12:345][  0]LogConfig: Setting CVar [[r.DetailMode:2]]
[2022.04.20-09.18.12:345][  0]LogConfig: Setting CVar [[r.TranslucencyVolumeBlur:1]]
[2022.04.20-09.18.12:345][  0]LogConfig: Setting CVar [[r.MaterialQualityLevel:1 ; High quality]]
[2022.04.20-09.18.12:345][  0]LogConfig: Setting CVar [[r.AnisotropicMaterials:1]]
[2022.04.20-09.18.12:345][  0]LogConfig: Setting CVar [[r.SSS.Scale:1]]
[2022.04.20-09.18.12:345][  0]LogConfig: Setting CVar [[r.SSS.SampleSet:2]]
[2022.04.20-09.18.12:345][  0]LogConfig: Setting CVar [[r.SSS.Quality:1]]
[2022.04.20-09.18.12:345][  0]LogConfig: Setting CVar [[r.SSS.HalfRes:0]]
[2022.04.20-09.18.12:345][  0]LogConfig: Setting CVar [[r.SSGI.Quality:3]]
[2022.04.20-09.18.12:345][  0]LogConfig: Setting CVar [[r.EmitterSpawnRateScale:1.0]]
[2022.04.20-09.18.12:345][  0]LogConfig: Setting CVar [[r.ParticleLightQuality:2]]
[2022.04.20-09.18.12:345][  0]LogConfig: Setting CVar [[r.SkyAtmosphere.AerialPerspectiveLUT.FastApplyOnOpaque:1 ; Always have FastSkyLUT 1 in this case to avoid wrong sky]]
[2022.04.20-09.18.12:345][  0]LogConfig: Setting CVar [[r.SkyAtmosphere.AerialPerspectiveLUT.SampleCountMaxPerSlice:4]]
[2022.04.20-09.18.12:346][  0]LogConfig: Setting CVar [[r.SkyAtmosphere.AerialPerspectiveLUT.DepthResolution:16.0]]
[2022.04.20-09.18.12:346][  0]LogConfig: Setting CVar [[r.SkyAtmosphere.FastSkyLUT:1]]
[2022.04.20-09.18.12:346][  0]LogConfig: Setting CVar [[r.SkyAtmosphere.FastSkyLUT.SampleCountMin:4.0]]
[2022.04.20-09.18.12:346][  0]LogConfig: Setting CVar [[r.SkyAtmosphere.FastSkyLUT.SampleCountMax:128.0]]
[2022.04.20-09.18.12:346][  0]LogConfig: Setting CVar [[r.SkyAtmosphere.SampleCountMin:4.0]]
[2022.04.20-09.18.12:346][  0]LogConfig: Setting CVar [[r.SkyAtmosphere.SampleCountMax:128.0]]
[2022.04.20-09.18.12:346][  0]LogConfig: Setting CVar [[r.SkyAtmosphere.TransmittanceLUT.UseSmallFormat:0]]
[2022.04.20-09.18.12:346][  0]LogConfig: Setting CVar [[r.SkyAtmosphere.TransmittanceLUT.SampleCount:10.0]]
[2022.04.20-09.18.12:346][  0]LogConfig: Setting CVar [[r.SkyAtmosphere.MultiScatteringLUT.SampleCount:15.0]]
[2022.04.20-09.18.12:346][  0]LogConfig: Setting CVar [[r.SkyLight.RealTimeReflectionCapture:1]]
[2022.04.20-09.18.12:346][  0]LogConfig: Applying CVar settings from Section [FoliageQuality@3] File [F:/Office/Expedite Design/Projects/TPEProtoype/Saved/Config/Windows/Scalability.ini]
[2022.04.20-09.18.12:346][  0]LogConfig: Setting CVar [[foliage.DensityScale:1.0]]
[2022.04.20-09.18.12:346][  0]LogConfig: Setting CVar [[grass.DensityScale:1.0]]
[2022.04.20-09.18.12:346][  0]LogConfig: Applying CVar settings from Section [ShadingQuality@3] File [F:/Office/Expedite Design/Projects/TPEProtoype/Saved/Config/Windows/Scalability.ini]
[2022.04.20-09.18.12:346][  0]LogConfig: Setting CVar [[r.HairStrands.SkyLighting.IntegrationType:2]]
[2022.04.20-09.18.12:346][  0]LogConfig: Setting CVar [[r.HairStrands.SkyAO.SampleCount:4]]
[2022.04.20-09.18.12:346][  0]LogConfig: Setting CVar [[r.HairStrands.Visibility.MSAA.SamplePerPixel:4]]
[2022.04.20-09.18.12:357][  0]LogInit: Selected Device Profile: [Windows]
[2022.04.20-09.18.12:360][  0]LogInit: Applying CVar settings loaded from the selected device profile: [Windows]
[2022.04.20-09.18.12:370][  0]LogHAL: Display: Platform has ~ 16 GB [17115484160 / 17179869184 / 16], which maps to Larger [LargestMinGB=32, LargerMinGB=12, DefaultMinGB=8, SmallerMinGB=6, SmallestMinGB=0)
[2022.04.20-09.18.12:370][  0]LogInit: Going up to parent DeviceProfile []
[2022.04.20-09.18.12:376][  0]LogConfig: Applying CVar settings from Section [ViewDistanceQuality@3] File [F:/Office/Expedite Design/Projects/TPEProtoype/Saved/Config/Windows/Scalability.ini]
[2022.04.20-09.18.12:376][  0]LogConfig: Setting CVar [[r.SkeletalMeshLODBias:0]]
[2022.04.20-09.18.12:376][  0]LogConfig: Setting CVar [[r.ViewDistanceScale:1.0]]
[2022.04.20-09.18.12:376][  0]LogConfig: Applying CVar settings from Section [AntiAliasingQuality@3] File [F:/Office/Expedite Design/Projects/TPEProtoype/Saved/Config/Windows/Scalability.ini]
[2022.04.20-09.18.12:376][  0]LogConfig: Setting CVar [[r.PostProcessAAQuality:4]]
[2022.04.20-09.18.12:376][  0]LogConfig: Applying CVar settings from Section [ShadowQuality@3] File [F:/Office/Expedite Design/Projects/TPEProtoype/Saved/Config/Windows/Scalability.ini]
[2022.04.20-09.18.12:376][  0]LogConfig: Setting CVar [[r.LightFunctionQuality:1]]
[2022.04.20-09.18.12:376][  0]LogConfig: Setting CVar [[r.ShadowQuality:5]]
[2022.04.20-09.18.12:376][  0]LogConfig: Setting CVar [[r.Shadow.CSM.MaxCascades:10]]
[2022.04.20-09.18.12:376][  0]LogConfig: Setting CVar [[r.Shadow.MaxResolution:2048]]
[2022.04.20-09.18.12:376][  0]LogConfig: Setting CVar [[r.Shadow.MaxCSMResolution:2048]]
[2022.04.20-09.18.12:376][  0]LogConfig: Setting CVar [[r.Shadow.RadiusThreshold:0.01]]
[2022.04.20-09.18.12:376][  0]LogConfig: Setting CVar [[r.Shadow.DistanceScale:1.0]]
[2022.04.20-09.18.12:376][  0]LogConfig: Setting CVar [[r.Shadow.CSM.TransitionScale:1.0]]
[2022.04.20-09.18.12:376][  0]LogConfig: Setting CVar [[r.Shadow.PreShadowResolutionFactor:1.0]]
[2022.04.20-09.18.12:376][  0]LogConfig: Setting CVar [[r.DistanceFieldShadowing:1]]
[2022.04.20-09.18.12:376][  0]LogConfig: Setting CVar [[r.DistanceFieldAO:1]]
[2022.04.20-09.18.12:376][  0]LogConfig: Setting CVar [[r.AOQuality:2]]
[2022.04.20-09.18.12:376][  0]LogConfig: Setting CVar [[r.VolumetricFog:1]]
[2022.04.20-09.18.12:376][  0]LogConfig: Setting CVar [[r.VolumetricFog.GridPixelSize:8]]
[2022.04.20-09.18.12:376][  0]LogConfig: Setting CVar [[r.VolumetricFog.GridSizeZ:128]]
[2022.04.20-09.18.12:376][  0]LogConfig: Setting CVar [[r.VolumetricFog.HistoryMissSupersampleCount:4]]
[2022.04.20-09.18.12:376][  0]LogConfig: Setting CVar [[r.LightMaxDrawDistanceScale:1]]
[2022.04.20-09.18.12:376][  0]LogConfig: Setting CVar [[r.CapsuleShadows:1]]
[2022.04.20-09.18.12:377][  0]LogConfig: Applying CVar settings from Section [PostProcessQuality@3] File [F:/Office/Expedite Design/Projects/TPEProtoype/Saved/Config/Windows/Scalability.ini]
[2022.04.20-09.18.12:377][  0]LogConfig: Setting CVar [[r.MotionBlurQuality:4]]
[2022.04.20-09.18.12:377][  0]LogConfig: Setting CVar [[r.AmbientOcclusionMipLevelFactor:0.4]]
[2022.04.20-09.18.12:377][  0]LogConfig: Setting CVar [[r.AmbientOcclusionMaxQuality:100]]
[2022.04.20-09.18.12:377][  0]LogConfig: Setting CVar [[r.AmbientOcclusionLevels:-1]]
[2022.04.20-09.18.12:377][  0]LogConfig: Setting CVar [[r.AmbientOcclusionRadiusScale:1.0]]
[2022.04.20-09.18.12:377][  0]LogConfig: Setting CVar [[r.DepthOfFieldQuality:2]]
[2022.04.20-09.18.12:377][  0]LogConfig: Setting CVar [[r.RenderTargetPoolMin:400]]
[2022.04.20-09.18.12:377][  0]LogConfig: Setting CVar [[r.LensFlareQuality:2]]
[2022.04.20-09.18.12:377][  0]LogConfig: Setting CVar [[r.SceneColorFringeQuality:1]]
[2022.04.20-09.18.12:377][  0]LogConfig: Setting CVar [[r.EyeAdaptationQuality:2]]
[2022.04.20-09.18.12:377][  0]LogConfig: Setting CVar [[r.BloomQuality:5]]
[2022.04.20-09.18.12:377][  0]LogConfig: Setting CVar [[r.FastBlurThreshold:100]]
[2022.04.20-09.18.12:377][  0]LogConfig: Setting CVar [[r.Upscale.Quality:3]]
[2022.04.20-09.18.12:377][  0]LogConfig: Setting CVar [[r.Tonemapper.GrainQuantization:1]]
[2022.04.20-09.18.12:377][  0]LogConfig: Setting CVar [[r.LightShaftQuality:1]]
[2022.04.20-09.18.12:377][  0]LogConfig: Setting CVar [[r.Filter.SizeScale:1]]
[2022.04.20-09.18.12:377][  0]LogConfig: Setting CVar [[r.Tonemapper.Quality:5]]
[2022.04.20-09.18.12:377][  0]LogConfig: Setting CVar [[r.DOF.Gather.AccumulatorQuality:1        ; higher gathering accumulator quality]]
[2022.04.20-09.18.12:377][  0]LogConfig: Setting CVar [[r.DOF.Gather.PostfilterMethod:1          ; Median3x3 postfilering method]]
[2022.04.20-09.18.12:377][  0]LogConfig: Setting CVar [[r.DOF.Gather.EnableBokehSettings:0       ; no bokeh simulation when gathering]]
[2022.04.20-09.18.12:377][  0]LogConfig: Setting CVar [[r.DOF.Gather.RingCount:4                 ; medium number of samples when gathering]]
[2022.04.20-09.18.12:377][  0]LogConfig: Setting CVar [[r.DOF.Scatter.ForegroundCompositing:1    ; additive foreground scattering]]
[2022.04.20-09.18.12:377][  0]LogConfig: Setting CVar [[r.DOF.Scatter.BackgroundCompositing:2    ; additive background scattering]]
[2022.04.20-09.18.12:377][  0]LogConfig: Setting CVar [[r.DOF.Scatter.EnableBokehSettings:1      ; bokeh simulation when scattering]]
[2022.04.20-09.18.12:377][  0]LogConfig: Setting CVar [[r.DOF.Scatter.MaxSpriteRatio:0.1         ; only a maximum of 10% of scattered bokeh]]
[2022.04.20-09.18.12:378][  0]LogConfig: Setting CVar [[r.DOF.Recombine.Quality:1                ; cheap slight out of focus]]
[2022.04.20-09.18.12:378][  0]LogConfig: Setting CVar [[r.DOF.Recombine.EnableBokehSettings:0    ; no bokeh simulation on slight out of focus]]
[2022.04.20-09.18.12:378][  0]LogConfig: Setting CVar [[r.DOF.TemporalAAQuality:1                ; more stable temporal accumulation]]
[2022.04.20-09.18.12:378][  0]LogConfig: Setting CVar [[r.DOF.Kernel.MaxForegroundRadius:0.025]]
[2022.04.20-09.18.12:378][  0]LogConfig: Setting CVar [[r.DOF.Kernel.MaxBackgroundRadius:0.025]]
[2022.04.20-09.18.12:378][  0]LogConfig: Applying CVar settings from Section [TextureQuality@3] File [F:/Office/Expedite Design/Projects/TPEProtoype/Saved/Config/Windows/Scalability.ini]
[2022.04.20-09.18.12:378][  0]LogConfig: Setting CVar [[r.Streaming.MipBias:0]]
[2022.04.20-09.18.12:378][  0]LogConfig: Setting CVar [[r.Streaming.AmortizeCPUToGPUCopy:0]]
[2022.04.20-09.18.12:378][  0]LogConfig: Setting CVar [[r.Streaming.MaxNumTexturesToStreamPerFrame:0]]
[2022.04.20-09.18.12:378][  0]LogConfig: Setting CVar [[r.Streaming.Boost:1]]
[2022.04.20-09.18.12:378][  0]LogConfig: Setting CVar [[r.MaxAnisotropy:8]]
[2022.04.20-09.18.12:378][  0]LogConfig: Setting CVar [[r.VT.MaxAnisotropy:8]]
[2022.04.20-09.18.12:378][  0]LogConfig: Setting CVar [[r.Streaming.LimitPoolSizeToVRAM:0]]
[2022.04.20-09.18.12:378][  0]LogConfig: Setting CVar [[r.Streaming.PoolSize:1000]]
[2022.04.20-09.18.12:378][  0]LogConfig: Setting CVar [[r.Streaming.MaxEffectiveScreenSize:0]]
[2022.04.20-09.18.12:378][  0]LogConfig: Applying CVar settings from Section [EffectsQuality@3] File [F:/Office/Expedite Design/Projects/TPEProtoype/Saved/Config/Windows/Scalability.ini]
[2022.04.20-09.18.12:378][  0]LogConfig: Setting CVar [[r.TranslucencyLightingVolumeDim:64]]
[2022.04.20-09.18.12:378][  0]LogConfig: Setting CVar [[r.RefractionQuality:2]]
[2022.04.20-09.18.12:378][  0]LogConfig: Setting CVar [[r.SSR.Quality:3]]
[2022.04.20-09.18.12:378][  0]LogConfig: Setting CVar [[r.SSR.HalfResSceneColor:0]]
[2022.04.20-09.18.12:378][  0]LogConfig: Setting CVar [[r.SceneColorFormat:4]]
[2022.04.20-09.18.12:378][  0]LogConfig: Setting CVar [[r.DetailMode:2]]
[2022.04.20-09.18.12:378][  0]LogConfig: Setting CVar [[r.TranslucencyVolumeBlur:1]]
[2022.04.20-09.18.12:378][  0]LogConfig: Setting CVar [[r.MaterialQualityLevel:1 ; High quality]]
[2022.04.20-09.18.12:378][  0]LogConfig: Setting CVar [[r.AnisotropicMaterials:1]]
[2022.04.20-09.18.12:378][  0]LogConfig: Setting CVar [[r.SSS.Scale:1]]
[2022.04.20-09.18.12:378][  0]LogConfig: Setting CVar [[r.SSS.SampleSet:2]]
[2022.04.20-09.18.12:378][  0]LogConfig: Setting CVar [[r.SSS.Quality:1]]
[2022.04.20-09.18.12:378][  0]LogConfig: Setting CVar [[r.SSS.HalfRes:0]]
[2022.04.20-09.18.12:378][  0]LogConfig: Setting CVar [[r.SSGI.Quality:3]]
[2022.04.20-09.18.12:379][  0]LogConfig: Setting CVar [[r.EmitterSpawnRateScale:1.0]]
[2022.04.20-09.18.12:379][  0]LogConfig: Setting CVar [[r.ParticleLightQuality:2]]
[2022.04.20-09.18.12:379][  0]LogConfig: Setting CVar [[r.SkyAtmosphere.AerialPerspectiveLUT.FastApplyOnOpaque:1 ; Always have FastSkyLUT 1 in this case to avoid wrong sky]]
[2022.04.20-09.18.12:379][  0]LogConfig: Setting CVar [[r.SkyAtmosphere.AerialPerspectiveLUT.SampleCountMaxPerSlice:4]]
[2022.04.20-09.18.12:379][  0]LogConfig: Setting CVar [[r.SkyAtmosphere.AerialPerspectiveLUT.DepthResolution:16.0]]
[2022.04.20-09.18.12:379][  0]LogConfig: Setting CVar [[r.SkyAtmosphere.FastSkyLUT:1]]
[2022.04.20-09.18.12:379][  0]LogConfig: Setting CVar [[r.SkyAtmosphere.FastSkyLUT.SampleCountMin:4.0]]
[2022.04.20-09.18.12:379][  0]LogConfig: Setting CVar [[r.SkyAtmosphere.FastSkyLUT.SampleCountMax:128.0]]
[2022.04.20-09.18.12:379][  0]LogConfig: Setting CVar [[r.SkyAtmosphere.SampleCountMin:4.0]]
[2022.04.20-09.18.12:379][  0]LogConfig: Setting CVar [[r.SkyAtmosphere.SampleCountMax:128.0]]
[2022.04.20-09.18.12:379][  0]LogConfig: Setting CVar [[r.SkyAtmosphere.TransmittanceLUT.UseSmallFormat:0]]
[2022.04.20-09.18.12:379][  0]LogConfig: Setting CVar [[r.SkyAtmosphere.TransmittanceLUT.SampleCount:10.0]]
[2022.04.20-09.18.12:379][  0]LogConfig: Setting CVar [[r.SkyAtmosphere.MultiScatteringLUT.SampleCount:15.0]]
[2022.04.20-09.18.12:379][  0]LogConfig: Setting CVar [[r.SkyLight.RealTimeReflectionCapture:1]]
[2022.04.20-09.18.12:379][  0]LogConfig: Applying CVar settings from Section [FoliageQuality@3] File [F:/Office/Expedite Design/Projects/TPEProtoype/Saved/Config/Windows/Scalability.ini]
[2022.04.20-09.18.12:379][  0]LogConfig: Setting CVar [[foliage.DensityScale:1.0]]
[2022.04.20-09.18.12:379][  0]LogConfig: Setting CVar [[grass.DensityScale:1.0]]
[2022.04.20-09.18.12:379][  0]LogConfig: Applying CVar settings from Section [ShadingQuality@3] File [F:/Office/Expedite Design/Projects/TPEProtoype/Saved/Config/Windows/Scalability.ini]
[2022.04.20-09.18.12:379][  0]LogConfig: Setting CVar [[r.HairStrands.SkyLighting.IntegrationType:2]]
[2022.04.20-09.18.12:379][  0]LogConfig: Setting CVar [[r.HairStrands.SkyAO.SampleCount:4]]
[2022.04.20-09.18.12:379][  0]LogConfig: Setting CVar [[r.HairStrands.Visibility.MSAA.SamplePerPixel:4]]
[2022.04.20-09.18.12:379][  0]LogConfig: Applying CVar settings from Section [Startup] File [../../../Engine/Config/ConsoleVariables.ini]
[2022.04.20-09.18.12:399][  0]LogConfig: Setting CVar [[net.UseAdaptiveNetUpdateFrequency:0]]
[2022.04.20-09.18.12:399][  0]LogConfig: Setting CVar [[p.chaos.AllowCreatePhysxBodies:1]]
[2022.04.20-09.18.12:399][  0]LogConfig: Setting CVar [[fx.SkipVectorVMBackendOptimizations:1]]
[2022.04.20-09.18.12:399][  0]LogConfig: Applying CVar settings from Section [ConsoleVariables] File [F:/Office/Expedite Design/Projects/TPEProtoype/Saved/Config/Windows/Engine.ini]
[2022.04.20-09.18.12:400][  0]LogConfig: Applying CVar settings from Section [ConsoleVariables] File [F:/Office/Expedite Design/Projects/TPEProtoype/Saved/Config/Windows/Editor.ini]
[2022.04.20-09.18.12:410][  0]LogInit: Computer: DESKTOP-BNHJHBE
[2022.04.20-09.18.12:410][  0]LogInit: User: SSD120
[2022.04.20-09.18.12:410][  0]LogInit: CPU Page size=4096, Cores=4
[2022.04.20-09.18.12:410][  0]LogInit: High frequency timer resolution =10.000000 MHz
[2022.04.20-09.18.12:410][  0]LogMemory: Memory total: Physical=15.9GB (16GB approx)
[2022.04.20-09.18.12:411][  0]LogMemory: Platform Memory Stats for Windows
[2022.04.20-09.18.12:411][  0]LogMemory: Process Physical Memory: 142.05 MB used, 142.05 MB peak
[2022.04.20-09.18.12:411][  0]LogMemory: Process Virtual Memory: 126.12 MB used, 126.12 MB peak
[2022.04.20-09.18.12:411][  0]LogMemory: Physical Memory: 7158.68 MB used,  9163.91 MB free, 16322.60 MB total
[2022.04.20-09.18.12:411][  0]LogMemory: Virtual Memory: 134209664.00 MB used,  8065.72 MB free, 134217728.00 MB total
[2022.04.20-09.18.12:442][  0]LogWindows: WindowsPlatformFeatures enabled
[2022.04.20-09.18.13:457][  0]LogInit: Physics initialised using underlying interface: PhysX
[2022.04.20-09.18.13:486][  0]LogInit: Using OS detected language (en-US).
[2022.04.20-09.18.13:486][  0]LogInit: Using OS detected locale (en-US).
[2022.04.20-09.18.13:644][  0]LogTextLocalizationManager: No specific localization for 'en-US' exists, so the 'en' localization will be used.
[2022.04.20-09.18.14:316][  0]LogInit: Setting process to per monitor DPI aware
[2022.04.20-09.18.14:613][  0]LogWindowsTextInputMethodSystem: Display: IME system deactivated.
[2022.04.20-09.18.15:093][  0]LogSlate: New Slate User Created.  User Index 0, Is Virtual User: 0
[2022.04.20-09.18.15:093][  0]LogSlate: Slate User Registered.  User Index 0, Is Virtual User: 0
[2022.04.20-09.18.17:843][  0]LogD3D11RHI: Loaded GFSDK_Aftermath_Lib.x64.dll
[2022.04.20-09.18.17:859][  0]LogHMD: Failed to initialize OpenVR with code 110
[2022.04.20-09.18.17:859][  0]LogD3D11RHI: D3D11 min allowed feature level: 11_0
[2022.04.20-09.18.17:859][  0]LogD3D11RHI: D3D11 max allowed feature level: 11_0
[2022.04.20-09.18.17:859][  0]LogD3D11RHI: D3D11 adapters:
[2022.04.20-09.18.18:000][  0]LogD3D11RHI:    0. 'NVIDIA GeForce GTX 1050 Ti' (Feature Level 11_0)
[2022.04.20-09.18.18:000][  0]LogD3D11RHI:       4018/0/8161 MB DedicatedVideo/DedicatedSystem/SharedSystem, Outputs:1, VendorId:0x10de
[2022.04.20-09.18.18:003][  0]LogD3D11RHI:    1. 'Microsoft Basic Render Driver' (Feature Level 11_0)
[2022.04.20-09.18.18:003][  0]LogD3D11RHI:       0/0/8161 MB DedicatedVideo/DedicatedSystem/SharedSystem, Outputs:0, VendorId:0x1414
[2022.04.20-09.18.18:003][  0]LogD3D11RHI: Chosen D3D11 Adapter:
[2022.04.20-09.18.18:003][  0]LogD3D11RHI:     Description : NVIDIA GeForce GTX 1050 Ti
[2022.04.20-09.18.18:003][  0]LogD3D11RHI:     VendorId    : 10de
[2022.04.20-09.18.18:003][  0]LogD3D11RHI:     DeviceId    : 1c82
[2022.04.20-09.18.18:003][  0]LogD3D11RHI:     SubSysId    : 37331458
[2022.04.20-09.18.18:003][  0]LogD3D11RHI:     Revision    : 00a1
[2022.04.20-09.18.18:003][  0]LogD3D11RHI:     DedicatedVideoMemory : 4213178368 bytes
[2022.04.20-09.18.18:003][  0]LogD3D11RHI:     DedicatedSystemMemory : 0 bytes
[2022.04.20-09.18.18:003][  0]LogD3D11RHI:     SharedSystemMemory : 8557742080 bytes
[2022.04.20-09.18.18:003][  0]LogD3D11RHI:     AdapterLuid : 0 48413
[2022.04.20-09.18.18:008][  0]LogD3D11RHI: Creating new Direct3DDevice
[2022.04.20-09.18.18:008][  0]LogD3D11RHI:     GPU DeviceId: 0x1c82 (for the marketing name, search the web for "GPU Device Id")
[2022.04.20-09.18.18:008][  0]LogWindows: EnumDisplayDevices:
[2022.04.20-09.18.18:008][  0]LogWindows:    0. 'NVIDIA GeForce GTX 1050 Ti' (P:1 D:1)
[2022.04.20-09.18.18:008][  0]LogWindows:    1. 'NVIDIA GeForce GTX 1050 Ti' (P:0 D:0)
[2022.04.20-09.18.18:009][  0]LogWindows:    2. 'NVIDIA GeForce GTX 1050 Ti' (P:0 D:0)
[2022.04.20-09.18.18:009][  0]LogWindows:    3. 'NVIDIA GeForce GTX 1050 Ti' (P:0 D:0)
[2022.04.20-09.18.18:009][  0]LogWindows: DebugString: FoundDriverCount:4 
[2022.04.20-09.18.18:009][  0]LogD3D11RHI:     Adapter Name: NVIDIA GeForce GTX 1050 Ti
[2022.04.20-09.18.18:010][  0]LogD3D11RHI:   Driver Version: 471.96 (internal:30.0.14.7196, unified:471.96)
[2022.04.20-09.18.18:010][  0]LogD3D11RHI:      Driver Date: 8-27-2021
[2022.04.20-09.18.18:010][  0]LogRHI: Texture pool is 2812 MB (70% of 4018 MB)
[2022.04.20-09.18.18:010][  0]LogD3D11RHI: Creating D3DDevice using adapter:
[2022.04.20-09.18.18:010][  0]LogD3D11RHI:     Description : NVIDIA GeForce GTX 1050 Ti
[2022.04.20-09.18.18:010][  0]LogD3D11RHI:     VendorId    : 10de
[2022.04.20-09.18.18:010][  0]LogD3D11RHI:     DeviceId    : 1c82
[2022.04.20-09.18.18:010][  0]LogD3D11RHI:     SubSysId    : 37331458
[2022.04.20-09.18.18:010][  0]LogD3D11RHI:     Revision    : 00a1
[2022.04.20-09.18.18:010][  0]LogD3D11RHI:     DedicatedVideoMemory : 4213178368 bytes
[2022.04.20-09.18.18:010][  0]LogD3D11RHI:     DedicatedSystemMemory : 0 bytes
[2022.04.20-09.18.18:010][  0]LogD3D11RHI:     SharedSystemMemory : 8557742080 bytes
[2022.04.20-09.18.18:010][  0]LogD3D11RHI:     AdapterLuid : 0 48413
[2022.04.20-09.18.18:121][  0]LogD3D11RHI: RHI has support for 64 bit atomics
[2022.04.20-09.18.18:122][  0]LogD3D11RHI: Async texture creation enabled
[2022.04.20-09.18.18:122][  0]LogD3D11RHI: Array index from any shader is supported
[2022.04.20-09.18.18:522][  0]LogD3D11RHI: GPU Timing Frequency: 1000.000000 (Debug: 2 1)
[2022.04.20-09.18.18:784][  0]LogRHI: GeForceNow SDK initialized: 1
[2022.04.20-09.18.19:769][  0]LogTargetPlatformManager: Display: Loaded TargetPlatform 'AllDesktop'
[2022.04.20-09.18.19:836][  0]LogTargetPlatformManager: Display: Loaded TargetPlatform 'Android'
[2022.04.20-09.18.19:836][  0]LogTargetPlatformManager: Display: Loaded TargetPlatform 'Android_ASTC'
[2022.04.20-09.18.19:836][  0]LogTargetPlatformManager: Display: Loaded TargetPlatform 'Android_DXT'
[2022.04.20-09.18.19:836][  0]LogTargetPlatformManager: Display: Loaded TargetPlatform 'Android_ETC2'
[2022.04.20-09.18.19:836][  0]LogTargetPlatformManager: Display: Loaded TargetPlatform 'AndroidClient'
[2022.04.20-09.18.19:836][  0]LogTargetPlatformManager: Display: Loaded TargetPlatform 'Android_ASTCClient'
[2022.04.20-09.18.19:836][  0]LogTargetPlatformManager: Display: Loaded TargetPlatform 'Android_DXTClient'
[2022.04.20-09.18.19:836][  0]LogTargetPlatformManager: Display: Loaded TargetPlatform 'Android_ETC2Client'
[2022.04.20-09.18.19:836][  0]LogTargetPlatformManager: Display: Loaded TargetPlatform 'Android_Multi'
[2022.04.20-09.18.19:837][  0]LogTargetPlatformManager: Display: Loaded TargetPlatform 'Android_MultiClient'
[2022.04.20-09.18.20:115][  0]LogTargetPlatformManager: Display: Loaded TargetPlatform 'IOSClient'
[2022.04.20-09.18.20:115][  0]LogTargetPlatformManager: Display: Loaded TargetPlatform 'IOS'
[2022.04.20-09.18.20:432][  0]LogTargetPlatformManager: Display: Loaded TargetPlatform 'Linux'
[2022.04.20-09.18.20:464][  0]LogTargetPlatformManager: Display: Loaded TargetPlatform 'LinuxNoEditor'
[2022.04.20-09.18.20:545][  0]LogTargetPlatformManager: Display: Loaded TargetPlatform 'LinuxClient'
[2022.04.20-09.18.20:639][  0]LogTargetPlatformManager: Display: Loaded TargetPlatform 'LinuxServer'
[2022.04.20-09.18.20:670][  0]LogTargetPlatformManager: Display: Loaded TargetPlatform 'LinuxAArch64NoEditor'
[2022.04.20-09.18.20:693][  0]LogTargetPlatformManager: Display: Loaded TargetPlatform 'LinuxAArch64Client'
[2022.04.20-09.18.20:765][  0]LogTargetPlatformManager: Display: Loaded TargetPlatform 'LinuxAArch64Server'
[2022.04.20-09.18.20:822][  0]LogTargetPlatformManager: Display: Loaded TargetPlatform 'Lumin'
[2022.04.20-09.18.20:822][  0]LogTargetPlatformManager: Display: Loaded TargetPlatform 'LuminClient'
[2022.04.20-09.18.20:869][  0]LogTargetPlatformManager: Display: Loaded TargetPlatform 'MacNoEditor'
[2022.04.20-09.18.20:901][  0]LogTargetPlatformManager: Display: Loaded TargetPlatform 'Mac'
[2022.04.20-09.18.20:929][  0]LogTargetPlatformManager: Display: Loaded TargetPlatform 'MacClient'
[2022.04.20-09.18.21:088][  0]LogTargetPlatformManager: Display: Loaded TargetPlatform 'MacServer'
[2022.04.20-09.18.21:129][  0]LogTargetPlatformManager: Display: Loaded TargetPlatform 'TVOSClient'
[2022.04.20-09.18.21:129][  0]LogTargetPlatformManager: Display: Loaded TargetPlatform 'TVOS'
[2022.04.20-09.18.21:305][  0]LogTargetPlatformManager: Display: Loaded TargetPlatform 'WindowsNoEditor'
[2022.04.20-09.18.21:396][  0]LogTargetPlatformManager: Display: Loaded TargetPlatform 'Windows'
[2022.04.20-09.18.21:583][  0]LogTargetPlatformManager: Display: Loaded TargetPlatform 'WindowsClient'
[2022.04.20-09.18.21:613][  0]LogTargetPlatformManager: Display: Loaded TargetPlatform 'WindowsServer'
[2022.04.20-09.18.21:613][  0]LogTargetPlatformManager: Display: Building Assets For Windows
[2022.04.20-09.18.21:865][  0]LogAudioDebug: Display: Lib vorbis DLL was dynamically loaded.
[2022.04.20-09.18.22:878][  0]LogTextureFormatOodle: Display: Oodle Texture 2.9.0 init RDO Off
[2022.04.20-09.18.23:701][  0]LogRendererCore: Ray tracing is disabled. Reason: r.RayTracing=0.
[2022.04.20-09.18.23:725][  0]LogShaderCompilers: Guid format shader working directory is 15 characters bigger than the processId version (../../../../Projects/TPEProtoype/Intermediate/Shaders/WorkingDirectory/11632/).
[2022.04.20-09.18.23:725][  0]LogShaderCompilers: Cleaned the shader compiler working directory 'C:/Users/SSD 120/AppData/Local/Temp/UnrealShaderWorkingDir/C6EB920F4D0C9D70EA2EAD82ADDE5698/'.
[2022.04.20-09.18.23:728][  0]LogXGEController: Cannot use XGE Controller as Incredibuild is not installed on this machine.
[2022.04.20-09.18.23:728][  0]LogShaderCompilers: Cannot use XGE Shader Compiler as Incredibuild is not installed on this machine.
[2022.04.20-09.18.23:728][  0]LogShaderCompilers: Display: Using Local Shader Compiler.
[2022.04.20-09.18.28:338][  0]LogDerivedDataCache: Display: Max Cache Size: 512 MB
[2022.04.20-09.18.28:688][  0]LogDerivedDataCache: Loaded boot cache 0.35s 94MB C:/Users/SSD 120/AppData/Local/UnrealEngine/4.27/DerivedDataCache/Boot.ddc.
[2022.04.20-09.18.28:688][  0]LogDerivedDataCache: Display: Loaded Boot cache: C:/Users/SSD 120/AppData/Local/UnrealEngine/4.27/DerivedDataCache/Boot.ddc
[2022.04.20-09.18.28:688][  0]LogDerivedDataCache: FDerivedDataBackendGraph:  Pak pak cache file ../../../../Projects/TPEProtoype/DerivedDataCache/DDC.ddp not found, will not use a pak cache.
[2022.04.20-09.18.28:688][  0]LogDerivedDataCache: Unable to find inner node Pak for hierarchical cache Hierarchy.
[2022.04.20-09.18.28:688][  0]LogDerivedDataCache: FDerivedDataBackendGraph:  CompressedPak pak cache file ../../../../Projects/TPEProtoype/DerivedDataCache/Compressed.ddp not found, will not use a pak cache.
[2022.04.20-09.18.28:688][  0]LogDerivedDataCache: Unable to find inner node CompressedPak for hierarchical cache Hierarchy.
[2022.04.20-09.18.28:834][  0]LogDerivedDataCache: Display: Pak cache opened for reading ../../../Engine/DerivedDataCache/Compressed.ddp.
[2022.04.20-09.18.28:835][  0]LogDerivedDataCache: FDerivedDataBackendGraph:  EnterprisePak pak cache file ../../../Enterprise/DerivedDataCache/Compressed.ddp not found, will not use a pak cache.
[2022.04.20-09.18.28:835][  0]LogDerivedDataCache: Unable to find inner node EnterprisePak for hierarchical cache Hierarchy.
[2022.04.20-09.18.28:889][  0]LogDerivedDataCache: Speed tests for C:/Users/SSD 120/AppData/Local/UnrealEngine/Common/DerivedDataCache took 0.05 seconds
[2022.04.20-09.18.28:889][  0]LogDerivedDataCache: Display: Performance to C:/Users/SSD 120/AppData/Local/UnrealEngine/Common/DerivedDataCache: Latency=0.21ms. RandomReadSpeed=20.88MBs, RandomWriteSpeed=123.30MBs. Assigned SpeedClass 'Local'
[2022.04.20-09.18.28:892][  0]LogDerivedDataCache: Using Local data cache path C:/Users/SSD 120/AppData/Local/UnrealEngine/Common/DerivedDataCache: Writable
[2022.04.20-09.18.28:892][  0]LogDerivedDataCache: Shared data cache path not found in *engine.ini, will not use an Shared cache.
[2022.04.20-09.18.28:892][  0]LogDerivedDataCache: Unable to find inner node Shared for hierarchical cache Hierarchy.
[2022.04.20-09.18.29:088][  0]LogSlate: Using FreeType 2.10.0
[2022.04.20-09.18.29:230][  0]LogSlate: SlateFontServices - WITH_FREETYPE: 1, WITH_HARFBUZZ: 1
[2022.04.20-09.18.29:965][  0]LogAssetRegistry: FAssetRegistry took 0.0157 seconds to start up
[2022.04.20-09.18.34:405][  0]LogInit: Selected Device Profile: [Windows]
[2022.04.20-09.18.34:405][  0]LogInit: Active device profile: [000001CC8DDBD400][000001CC8A007AC0 49] Windows
[2022.04.20-09.18.34:405][  0]LogInit: Profiles: [000001CC8DDBD400][000001CC8A007AC0 49] Windows, [000001CC8DD37F00][000001CC8A00E0C0 49] WindowsNoEditor, [000001CC8DD52C00][000001CC8A012240 49] WindowsServer, [000001CC8DD36C00][000001CC8A0163C0 49] WindowsClient, [000001CC8DD50700][000001CC8A01A540 49] IOS, [000001CC8DD35F00][000001CC8A00A680 49] iPadAir, [000001CC8DD51400][000001CC8A01E7C0 49] iPadAir2, [000001CC8DCFCB00][000001CC8A0C8A40 49] IPadPro, [000001CC8DCFCC00][000001CC8A0C0A80 49] iPadAir3, [000001CC8DD36700][000001CC8A0CCC00 49] iPadAir4, [000001CC8DCFDC00][000001CC8A0D0D80 49] iPadMini2, [000001CC8DD37400][000001CC8A0D4F00 49] iPadMini3, [000001CC8DCFCF00][000001CC8A0D9080 49] iPadMini4, [000001CC8DD34300][000001CC8A0DD200 49] iPadMini5, [000001CC8DDBCE00][000001CC8A0E54C0 49] iPhone6, [000001CC8DDBCF00][000001CC8A0E1500 49] iPodTouch6, [000001CC8DD52500][000001CC8A0ED7C0 49] iPhone7, [000001CC8DD52A00][000001CC8A0E9800 49] iPodTouch7, [000001CC8DCFF800][000001CC8A0F1980 49] iPhone5S, [000001CC8DD51600][000001CC8A0F5B00 49] iPhone6Plus, [000001CC8DCFEA00][000001CC8A0F8100 49] iPhone6S, [000001CC8DD52800][000001CC8A0FC280 49] iPhone6SPlus, [000001CC8DCFC900][000001CC89F62400 49] iPhone7Plus, [000001CC8DD53C00][000001CC89F66580 49] iPhoneSE, [000001CC8DCFD500][000001CC89F6A700 49] iPhone8, [000001CC8DD53300][000001CC8A0C4840 49] iPhone8Plus, [000001CC8DCFE100][000001CC89F6E980 49] iPhoneX, [000001CC8DDBD300][000001CC89F72AC0 49] iPhoneXS, [000001CC8DCFED00][000001CC89F7AC40 49] iPhoneXSMax, [000001CC8DDBD800][000001CC89F7EDC0 49] iPhoneXR, [000001CC8DCFC100][000001CC89F82F40 49] iPhone11, [000001CC8DDBE200][000001CC89F870C0 49] iPhone11Pro, [000001CC8DCFF000][000001CC89F8B240 49] iPhone11ProMax, [000001CC8DDBC900][000001CC89F8F3C0 49] iPhoneSE2, [000001CC8DCFD400][000001CC89F93540 49] iPhone12Mini, [000001CC8DDBDD00][000001CC89F976C0 49] iPhone12, [000001CC8DCFCA00][000001CC89F9B840 49] iPhone12Pro, [000001CC8DDBE500][000001CC89F9F9C0 49] iPhone12ProMax, [000001CC8DCFD800][000001CC89FA3B40 49] iPadPro105, [000001CC8DDBC600][000001CC8C7CA140 49] iPadPro129, [000001CC8DCFC300][000001CC8C7CE2C0 49] iPadPro97, [000001CC8DDBE300][000001CC8C7D2440 49] iPadPro2_129, [000001CC8DCFF300][000001CC8C7D65C0 49] iPad5, [000001CC8DDBD000][000001CC8C7DA740 49] iPad6, [000001CC8DCFDE00][000001CC8C7DE8C0 49] iPad7, [000001CC8DDBCB00][000001CC89F76A00 49] iPad8, [000001CC8DCFF600][000001CC8C7E2B40 49] iPadPro11, [000001CC8DDBCC00][000001CC8C7E6C80 49] iPadPro2_11, [000001CC8DCFC200][000001CC8C7EADC0 49] iPadPro3_129, [000001CC8DDBEA00][000001CC8C7F2F40 49] iPadPro4_129, [000001CC8DCFEB00][000001CC8C7F70C0 49] AppleTV, [000001CC8DDBD600][000001CC8C7FB240 49] AppleTV4K, [000001CC8DCFC500][000001CC8C7FF3C0 49] TVOS, [000001CC8DDBEB00][000001CC8C803540 49] Mac, [000001CC8DCFC400][000001CC8C8076C0 49] MacClient, [000001CC8DDBC400][000001CC8C80B840 49] MacNoEditor, [000001CC8DCFF900][000001CC8C80F9C0 49] MacServer, [000001CC8DDBDC00][000001CC8C813B40 49] Linux, [000001CC8DCFDF00][000001CC8C816140 49] LinuxAArch64, [000001CC8DDBE400][000001CC8C81A2C0 49] LinuxNoEditor, [000001CC8DCFE400][000001CC8C81E440 49] LinuxAArch64NoEditor, [000001CC8DDBE000][000001CC8C8225C0 49] LinuxClient, [000001CC8DCFDB00][000001CC8C826740 49] LinuxAArch64Client, [000001CC8DDBCA00][000001CC8C82A8C0 49] LinuxServer, [000001CC8DCFD100][000001CC8C82EA40 49] LinuxAArch64Server, [000001CC8DDBE100][000001CC8C7EEB80 49] Android, [000001CC8DD37000][000001CC8C832CC0 49] Android_Low, [000001CC8DD50400][000001CC8C836E00 49] Android_Mid, [000001CC8DD34700][000001CC8C83AF40 49] Android_High, [000001CC8DD53900][000001CC8C8430C0 49] Android_Default, [000001CC8DD37100][000001CC8C847240 49] Android_Adreno4xx, [000001CC8DD50100][000001CC8C84B3C0 49] Android_Adreno5xx_Low, [000001CC8DD34400][000001CC8C84F540 49] Android_Adreno5xx, [000001CC8DD51D00][000001CC8C8536C0 49] Android_Adreno6xx, [000001CC8DD35900][000001CC8C857840 49] Android_Adreno6xx_Vulkan, [000001CC8DD52200][000001CC8C85B9C0 49] Android_Mali_T6xx, [000001CC8DD36000][000001CC8C85FB40 49] Android_Mali_T7xx, [000001CC8DD51500][000001CC8C862140 49] Android_Mali_T8xx, [000001CC8DD34B00][000001CC8C8662C0 49] Android_Mali_G71, [000001CC8DD51F00][000001CC8C86A440 49] Android_Mali_G72, [000001CC8DD36F00][000001CC8D25E5C0 49] Android_Mali_G72_Vulkan, [000001CC8DD51B00][000001CC8D262740 49] Android_Mali_G76, [000001CC8DD36200][000001CC8D2668C0 49] Android_Mali_G76_Vulkan, [000001CC8DD51800][000001CC8D26AA40 49] Android_Mali_G77, [000001CC8DD37700][000001CC8D26EBC0 49] Android_Mali_G77_Vulkan, [000001CC8DD50F00][000001CC8D272D40 49] Android_Mali_G78, [000001CC8DD37A00][000001CC8C83EE80 49] Android_Mali_G78_Vulkan, [000001CC8DD50200][000001CC8D276FC0 49] Android_Mali_G710, [000001CC8DD34A00][000001CC8D27B100 49] Android_Mali_G710_Vulkan, [000001CC8DD50900][000001CC8D283280 49] Android_Vulkan_SM5, [000001CC8DD36800][000001CC8D287400 49] Android_PowerVR_G6xxx, [000001CC8DD53100][000001CC8D28B580 49] Android_PowerVR_GT7xxx, [000001CC8DD35E00][000001CC8D28F700 49] Android_PowerVR_GE8xxx, [000001CC8DD52B00][000001CC8D293880 49] Android_PowerVR_GM9xxx, [000001CC8DD34E00][000001CC8D297A00 49] Android_PowerVR_GM9xxx_Vulkan, [000001CC8DD50A00][000001CC8D29BB80 49] Android_TegraK1, [000001CC8DD35300][000001CC8D29E180 49] Android_Unknown_Vulkan, [000001CC8DD53B00][000001CC8D2A2300 49] Lumin, [000001CC8DD37B00][000001CC8D2A6480 49] Lumin_Desktop, [000001CC8DD53000][000001CC8D2AA600 49] HoloLens, 
